{
  "RSpec": {
    "coverage": {
      "/Users/Verity/Projects/week_4/chitter-challenge/spec/app_spec.rb": [
        1,
        1,
        1,
        null,
        1,
        null,
        1,
        null,
        null,
        null,
        9,
        null,
        1,
        0,
        0,
        0,
        null,
        null,
        null,
        1,
        1,
        0,
        null,
        null,
        null,
        1,
        1,
        1,
        null,
        1,
        1,
        1,
        1,
        1,
        null,
        null,
        null,
        1,
        1,
        1,
        null,
        1,
        1,
        1,
        1,
        1,
        null,
        null,
        null,
        1,
        1,
        1,
        null,
        1,
        1,
        1,
        null,
        null,
        null,
        null,
        1,
        1,
        1,
        null,
        1,
        1,
        1,
        1,
        1,
        1,
        null,
        null,
        null,
        1,
        1,
        1,
        null,
        1,
        1,
        1,
        null,
        null,
        null,
        null,
        1,
        1,
        1,
        null,
        1,
        1,
        null,
        null,
        null,
        null,
        1,
        1,
        1,
        1,
        1,
        1,
        1,
        1,
        1,
        null,
        null,
        null,
        1,
        1,
        1,
        1,
        null,
        null,
        null,
        null,
        null,
        null,
        null
      ],
      "/Users/Verity/Projects/week_4/chitter-challenge/app.rb": [
        null,
        1,
        1,
        1,
        1,
        1,
        null,
        null,
        1,
        null,
        1,
        1,
        1,
        1,
        1,
        null,
        null,
        1,
        1,
        null,
        null,
        1,
        1,
        null,
        null,
        1,
        1,
        1,
        1,
        1,
        null,
        1,
        null,
        1,
        1,
        null,
        null,
        null,
        1,
        1,
        null,
        null,
        1,
        1,
        1,
        null,
        1,
        1,
        1,
        1,
        null,
        1,
        null,
        1,
        null,
        null,
        1,
        1,
        1,
        null,
        1,
        null,
        1,
        null,
        null,
        1,
        1,
        null,
        null,
        1,
        1,
        1,
        null,
        1,
        1,
        1,
        null,
        1,
        null,
        1,
        null,
        null,
        null,
        null
      ],
      "/Users/Verity/Projects/week_4/chitter-challenge/lib/user_repository.rb": [
        1,
        1,
        null,
        1,
        null,
        1,
        2,
        null,
        2,
        2,
        null,
        2,
        7,
        7,
        7,
        7,
        7,
        7,
        null,
        7,
        null,
        null,
        2,
        null,
        null,
        1,
        3,
        null,
        3,
        null,
        3,
        null,
        3,
        null,
        null,
        null,
        null,
        null,
        null,
        1,
        5,
        5,
        5,
        null,
        5,
        5,
        5,
        5,
        null,
        5,
        null,
        null,
        1,
        1,
        null,
        null,
        null,
        null,
        1,
        null,
        null,
        1,
        3,
        null,
        3,
        null,
        3,
        3,
        2,
        null,
        1,
        null,
        null,
        null,
        1,
        3,
        null,
        null,
        null,
        3,
        null,
        3,
        null,
        3,
        null,
        3,
        3,
        3,
        3,
        3,
        3,
        null,
        3,
        null,
        null
      ],
      "/Users/Verity/Projects/week_4/chitter-challenge/lib/user.rb": [
        null,
        null,
        null,
        null,
        1,
        null,
        1,
        null,
        1,
        null,
        null,
        1,
        null,
        null,
        null,
        null,
        null,
        null,
        null,
        null,
        null,
        null
      ],
      "/Users/Verity/Projects/week_4/chitter-challenge/lib/post_repository.rb": [
        1,
        1,
        null,
        1,
        null,
        1,
        3,
        null,
        3,
        null,
        null,
        null,
        null,
        null,
        null,
        null,
        null,
        null,
        null,
        null,
        null,
        null,
        3,
        null,
        3,
        7,
        7,
        7,
        7,
        7,
        null,
        7,
        null,
        null,
        3,
        null,
        null,
        null,
        1,
        2,
        2,
        null,
        2,
        null,
        null,
        1,
        1,
        1,
        1,
        1,
        null,
        1,
        1,
        1,
        1,
        1,
        null,
        1,
        null,
        null,
        null
      ],
      "/Users/Verity/Projects/week_4/chitter-challenge/lib/post.rb": [
        1,
        1,
        null
      ],
      "/Users/Verity/Projects/week_4/chitter-challenge/spec/post_repository_spec.rb": [
        1,
        1,
        null,
        1,
        1,
        3,
        3,
        3,
        null,
        null,
        1,
        1,
        3,
        null,
        null,
        1,
        1,
        null,
        1,
        null,
        1,
        1,
        null,
        null,
        1,
        1,
        null,
        1,
        1,
        1,
        1,
        1,
        null,
        1,
        null,
        1,
        1,
        null,
        null,
        1,
        1,
        null,
        1,
        null,
        1,
        1,
        null,
        null,
        null,
        null
      ],
      "/Users/Verity/Projects/week_4/chitter-challenge/spec/user_repository_spec.rb": [
        1,
        1,
        null,
        null,
        1,
        1,
        5,
        5,
        5,
        null,
        null,
        1,
        1,
        5,
        null,
        null,
        1,
        1,
        null,
        1,
        null,
        1,
        1,
        null,
        null,
        1,
        1,
        null,
        1,
        null,
        1,
        1,
        null,
        null,
        1,
        1,
        1,
        null,
        1,
        null,
        1,
        1,
        null,
        null,
        1,
        1,
        null,
        1,
        1,
        1,
        1,
        1,
        1,
        null,
        1,
        null,
        1,
        1,
        null,
        null,
        1,
        1,
        1,
        1,
        1,
        1,
        1,
        1,
        null,
        1,
        1,
        null,
        null,
        null,
        null,
        null,
        null,
        null
      ]
    },
    "timestamp": 1683724578
  }
}
