{
  "RSpec": {
    "coverage": {
      "/Users/Verity/Projects/shop-manager-challenge/spec/app_spec.rb": {
        "lines": [
          1,
          null,
          1,
          1,
          1,
          1,
          1,
          null,
          null,
          1,
          1,
          1,
          null,
          null,
          1,
          null,
          null,
          1,
          0,
          0,
          0,
          0,
          null,
          0,
          0,
          null,
          null,
          0,
          0,
          0,
          null,
          0,
          0,
          null,
          null,
          1,
          1,
          1,
          1,
          1,
          null,
          1,
          1,
          null,
          null,
          1,
          1,
          null,
          1,
          1,
          null,
          null,
          1,
          0,
          0,
          0,
          0,
          null,
          0,
          0,
          null,
          null,
          0,
          0,
          0,
          null,
          0,
          0,
          null,
          null,
          null,
          null,
          null
        ]
      },
      "/Users/Verity/Projects/shop-manager-challenge/app.rb": {
        "lines": [
          null,
          1,
          1,
          1,
          null,
          1,
          null,
          null,
          null,
          null,
          null,
          null,
          null,
          1,
          1,
          1,
          1,
          1,
          null,
          null,
          1,
          1,
          1,
          null,
          null,
          null,
          null,
          null,
          null,
          null,
          null,
          1,
          1,
          null,
          null,
          1,
          1,
          358395,
          null,
          0,
          0,
          0,
          null,
          0,
          null,
          358395,
          null,
          0,
          0,
          0,
          null,
          0,
          null,
          0,
          0,
          null,
          null,
          null,
          null,
          null,
          null,
          null,
          null,
          null,
          null,
          null,
          1,
          0,
          null,
          null,
          null,
          null,
          null,
          0,
          null,
          null,
          null,
          null,
          null,
          null,
          null,
          null,
          null,
          null,
          null,
          null,
          null,
          null,
          null,
          null,
          null,
          null,
          null,
          null,
          null,
          null,
          null,
          null,
          null,
          null,
          null,
          null,
          null
        ]
      },
      "/Users/Verity/Projects/shop-manager-challenge/lib/item_repository.rb": {
        "lines": [
          1,
          null,
          1,
          1,
          null,
          0,
          0,
          null,
          0,
          null,
          0,
          0,
          0,
          0,
          0,
          0,
          null,
          0,
          null,
          0,
          null,
          null,
          1,
          0,
          0,
          null,
          0,
          null,
          0,
          null,
          0,
          0,
          0,
          0,
          0,
          null,
          0,
          null,
          null,
          null,
          1,
          0,
          null,
          null,
          0,
          null,
          0,
          null,
          null,
          null,
          null,
          1,
          0,
          null,
          0,
          null,
          0,
          null,
          null,
          null,
          null,
          null,
          null
        ]
      },
      "/Users/Verity/Projects/shop-manager-challenge/lib/item.rb": {
        "lines": [
          1,
          null,
          1,
          null
        ]
      },
      "/Users/Verity/Projects/shop-manager-challenge/lib/order_repository.rb": {
        "lines": [
          1,
          1,
          1,
          1,
          0,
          0,
          null,
          0,
          0,
          0,
          0,
          0,
          0,
          null,
          0,
          null,
          null,
          0,
          null,
          null,
          1,
          0,
          0,
          null,
          0,
          0,
          null,
          0,
          0,
          0,
          0,
          null,
          0,
          null,
          null,
          null,
          1,
          0,
          null,
          null,
          0,
          null,
          0,
          null,
          null,
          null,
          null,
          1,
          0,
          null,
          0,
          null,
          0,
          null,
          null,
          null,
          null,
          1,
          null,
          null,
          null,
          null,
          null,
          null,
          1,
          null,
          null,
          null,
          null,
          null,
          1,
          1,
          null,
          1,
          null,
          null,
          null,
          null,
          null,
          null,
          null,
          1,
          1
        ]
      },
      "/Users/Verity/Projects/shop-manager-challenge/lib/order.rb": {
        "lines": [
          1,
          null,
          1,
          null
        ]
      }
    },
    "timestamp": 1682944500
  }
}
